{"numFailedTestSuites":1,"numFailedTests":1,"numPassedTestSuites":0,"numPassedTests":8,"numPendingTestSuites":0,"numPendingTests":0,"numRuntimeErrorTestSuites":0,"numTodoTests":0,"numTotalTestSuites":1,"numTotalTests":9,"openHandles":[],"snapshot":{"added":0,"didUpdate":false,"failure":false,"filesAdded":0,"filesRemoved":0,"filesRemovedList":[],"filesUnmatched":0,"filesUpdated":0,"matched":0,"total":0,"unchecked":0,"uncheckedKeysByFile":[],"unmatched":0,"updated":0},"startTime":1743515809949,"success":false,"testResults":[{"assertionResults":[{"ancestorTitles":["CreateCompany Component"],"failureMessages":[],"fullName":"CreateCompany Component renders the component correctly","location":null,"status":"passed","title":"renders the component correctly"},{"ancestorTitles":["CreateCompany Component"],"failureMessages":[],"fullName":"CreateCompany Component calls mockAPI with correct parameters when button is clicked","location":null,"status":"passed","title":"calls mockAPI with correct parameters when button is clicked"},{"ancestorTitles":["CreateCompany Component"],"failureMessages":[],"fullName":"CreateCompany Component handles API success response correctly","location":null,"status":"passed","title":"handles API success response correctly"},{"ancestorTitles":["CreateCompany Component"],"failureMessages":[],"fullName":"CreateCompany Component handles API error response correctly","location":null,"status":"passed","title":"handles API error response correctly"},{"ancestorTitles":["CreateCompany Component"],"failureMessages":[],"fullName":"CreateCompany Component handles API rejection correctly","location":null,"status":"passed","title":"handles API rejection correctly"},{"ancestorTitles":["CreateCompany Component"],"failureMessages":["Error: Network error\n    at Object.<anonymous> (/Users/hrithik/Documents/projects/my-app-js/src/screens/recruiter/test/CreateCompany.baserock.test.js:99:23)\n    at Promise.then.completed (/Users/hrithik/Documents/projects/my-app-js/node_modules/jest-circus/build/utils.js:391:28)\n    at new Promise (<anonymous>)\n    at callAsyncCircusFn (/Users/hrithik/Documents/projects/my-app-js/node_modules/jest-circus/build/utils.js:316:10)\n    at _callCircusTest (/Users/hrithik/Documents/projects/my-app-js/node_modules/jest-circus/build/run.js:218:40)\n    at _runTest (/Users/hrithik/Documents/projects/my-app-js/node_modules/jest-circus/build/run.js:155:3)\n    at _runTestsForDescribeBlock (/Users/hrithik/Documents/projects/my-app-js/node_modules/jest-circus/build/run.js:66:9)\n    at _runTestsForDescribeBlock (/Users/hrithik/Documents/projects/my-app-js/node_modules/jest-circus/build/run.js:60:9)\n    at run (/Users/hrithik/Documents/projects/my-app-js/node_modules/jest-circus/build/run.js:25:3)\n    at runAndTransformResultsToJestFormat (/Users/hrithik/Documents/projects/my-app-js/node_modules/jest-circus/build/legacy-code-todo-rewrite/jestAdapterInit.js:170:21)\n    at jestAdapter (/Users/hrithik/Documents/projects/my-app-js/node_modules/jest-circus/build/legacy-code-todo-rewrite/jestAdapter.js:82:19)\n    at runTestInternal (/Users/hrithik/Documents/projects/my-app-js/node_modules/jest-runner/build/runTest.js:389:16)\n    at runTest (/Users/hrithik/Documents/projects/my-app-js/node_modules/jest-runner/build/runTest.js:475:34)\n    at TestRunner.runTests (/Users/hrithik/Documents/projects/my-app-js/node_modules/jest-runner/build/index.js:101:12)\n    at TestScheduler.scheduleTests (/Users/hrithik/Documents/projects/my-app-js/node_modules/@jest/core/build/TestScheduler.js:333:13)\n    at runJest (/Users/hrithik/Documents/projects/my-app-js/node_modules/@jest/core/build/runJest.js:404:19)\n    at _run10000 (/Users/hrithik/Documents/projects/my-app-js/node_modules/@jest/core/build/cli/index.js:320:7)\n    at runCLI (/Users/hrithik/Documents/projects/my-app-js/node_modules/@jest/core/build/cli/index.js:173:3)\n    at Object.run (/Users/hrithik/Documents/projects/my-app-js/node_modules/jest-cli/build/cli/index.js:155:37)"],"fullName":"CreateCompany Component calls mockAPI only once per button click","location":null,"status":"failed","title":"calls mockAPI only once per button click"},{"ancestorTitles":["CreateCompany Component"],"failureMessages":[],"fullName":"CreateCompany Component maintains UI state during API call","location":null,"status":"passed","title":"maintains UI state during API call"},{"ancestorTitles":["CreateCompany Component"],"failureMessages":[],"fullName":"CreateCompany Component can handle multiple API calls sequentially","location":null,"status":"passed","title":"can handle multiple API calls sequentially"},{"ancestorTitles":["CreateCompany Component"],"failureMessages":[],"fullName":"CreateCompany Component passes the correct company data to the API","location":null,"status":"passed","title":"passes the correct company data to the API"}],"endTime":1743515810779,"message":"  ● CreateCompany Component › calls mockAPI only once per button click\n\n    Network error\n\n       97 |   it('handles API rejection correctly', async () => {\n       98 |     // Mock API rejection\n    >  99 |     const mockError = new Error('Network error');\n          |                       ^\n      100 |     core.mockAPI.mockRejectedValueOnce(mockError);\n      101 |     \n      102 |     // Spy on console.error\n\n      at Object.<anonymous> (src/screens/recruiter/test/CreateCompany.baserock.test.js:99:23)\n      at TestScheduler.scheduleTests (node_modules/@jest/core/build/TestScheduler.js:333:13)\n      at runJest (node_modules/@jest/core/build/runJest.js:404:19)\n      at _run10000 (node_modules/@jest/core/build/cli/index.js:320:7)\n      at runCLI (node_modules/@jest/core/build/cli/index.js:173:3)\n","name":"/Users/hrithik/Documents/projects/my-app-js/src/screens/recruiter/test/CreateCompany.baserock.test.js","startTime":1743515810242,"status":"failed","summary":""}],"wasInterrupted":false,"coverageMap":{"/Users/hrithik/Documents/projects/my-app-js/src/screens/recruiter/CreateCompany.js":{"path":"/Users/hrithik/Documents/projects/my-app-js/src/screens/recruiter/CreateCompany.js","statementMap":{"0":{"start":{"line":4,"column":22},"end":{"line":27,"column":1}},"1":{"start":{"line":5,"column":33},"end":{"line":20,"column":5}},"2":{"start":{"line":6,"column":21},"end":{"line":17,"column":9}},"3":{"start":{"line":18,"column":8},"end":{"line":18,"column":35}},"4":{"start":{"line":21,"column":4},"end":{"line":26,"column":5}}},"fnMap":{"0":{"name":"(anonymous_0)","decl":{"start":{"line":4,"column":22},"end":{"line":4,"column":23}},"loc":{"start":{"line":4,"column":28},"end":{"line":27,"column":1}},"line":4},"1":{"name":"(anonymous_1)","decl":{"start":{"line":5,"column":33},"end":{"line":5,"column":34}},"loc":{"start":{"line":5,"column":45},"end":{"line":20,"column":5}},"line":5}},"branchMap":{},"s":{"0":1,"1":9,"2":10,"3":9,"4":9},"f":{"0":9,"1":10},"b":{},"_coverageSchema":"1a1c01bbd47fc00a2c39e90264f33305004495a9","hash":"2bcf890a5da3648be3979c73cdf80036fc6c2844"},"/Users/hrithik/Documents/projects/my-app-js/src/index.js":{"path":"/Users/hrithik/Documents/projects/my-app-js/src/index.js","statementMap":{"0":{"start":{"line":7,"column":13},"end":{"line":7,"column":65}},"1":{"start":{"line":8,"column":0},"end":{"line":12,"column":2}},"2":{"start":{"line":17,"column":0},"end":{"line":17,"column":18}}},"fnMap":{},"branchMap":{},"s":{"0":0,"1":0,"2":0},"f":{},"b":{}},"/Users/hrithik/Documents/projects/my-app-js/src/App.js":{"path":"/Users/hrithik/Documents/projects/my-app-js/src/App.js","statementMap":{"0":{"start":{"line":6,"column":2},"end":{"line":24,"column":4}}},"fnMap":{"0":{"name":"App","decl":{"start":{"line":5,"column":9},"end":{"line":5,"column":12}},"loc":{"start":{"line":5,"column":15},"end":{"line":25,"column":1}},"line":5}},"branchMap":{},"s":{"0":0},"f":{"0":0},"b":{}},"/Users/hrithik/Documents/projects/my-app-js/src/reportWebVitals.js":{"path":"/Users/hrithik/Documents/projects/my-app-js/src/reportWebVitals.js","statementMap":{"0":{"start":{"line":1,"column":24},"end":{"line":11,"column":1}},"1":{"start":{"line":2,"column":2},"end":{"line":10,"column":3}},"2":{"start":{"line":3,"column":4},"end":{"line":9,"column":7}},"3":{"start":{"line":4,"column":6},"end":{"line":4,"column":26}},"4":{"start":{"line":5,"column":6},"end":{"line":5,"column":26}},"5":{"start":{"line":6,"column":6},"end":{"line":6,"column":26}},"6":{"start":{"line":7,"column":6},"end":{"line":7,"column":26}},"7":{"start":{"line":8,"column":6},"end":{"line":8,"column":27}}},"fnMap":{"0":{"name":"(anonymous_0)","decl":{"start":{"line":1,"column":24},"end":{"line":1,"column":25}},"loc":{"start":{"line":1,"column":39},"end":{"line":11,"column":1}},"line":1},"1":{"name":"(anonymous_1)","decl":{"start":{"line":3,"column":30},"end":{"line":3,"column":31}},"loc":{"start":{"line":3,"column":79},"end":{"line":9,"column":5}},"line":3}},"branchMap":{"0":{"loc":{"start":{"line":2,"column":2},"end":{"line":10,"column":3}},"type":"if","locations":[{"start":{"line":2,"column":2},"end":{"line":10,"column":3}},{"start":{},"end":{}}],"line":2},"1":{"loc":{"start":{"line":2,"column":6},"end":{"line":2,"column":52}},"type":"binary-expr","locations":[{"start":{"line":2,"column":6},"end":{"line":2,"column":17}},{"start":{"line":2,"column":21},"end":{"line":2,"column":52}}],"line":2}},"s":{"0":0,"1":0,"2":0,"3":0,"4":0,"5":0,"6":0,"7":0},"f":{"0":0,"1":0},"b":{"0":[0,0],"1":[0,0]}},"/Users/hrithik/Documents/projects/my-app-js/src/lib/core.js":{"path":"/Users/hrithik/Documents/projects/my-app-js/src/lib/core.js","statementMap":{"0":{"start":{"line":72,"column":24},"end":{"line":80,"column":1}},"1":{"start":{"line":82,"column":29},"end":{"line":84,"column":1}},"2":{"start":{"line":96,"column":23},"end":{"line":123,"column":1}},"3":{"start":{"line":97,"column":4},"end":{"line":122,"column":7}},"4":{"start":{"line":98,"column":8},"end":{"line":121,"column":16}},"5":{"start":{"line":100,"column":12},"end":{"line":103,"column":13}},"6":{"start":{"line":101,"column":16},"end":{"line":101,"column":46}},"7":{"start":{"line":102,"column":16},"end":{"line":102,"column":23}},"8":{"start":{"line":106,"column":12},"end":{"line":120,"column":13}},"9":{"start":{"line":108,"column":16},"end":{"line":108,"column":41}},"10":{"start":{"line":109,"column":19},"end":{"line":120,"column":13}},"11":{"start":{"line":111,"column":16},"end":{"line":115,"column":17}},"12":{"start":{"line":112,"column":20},"end":{"line":112,"column":45}},"13":{"start":{"line":114,"column":20},"end":{"line":114,"column":58}},"14":{"start":{"line":116,"column":19},"end":{"line":120,"column":13}},"15":{"start":{"line":117,"column":16},"end":{"line":117,"column":41}},"16":{"start":{"line":119,"column":16},"end":{"line":119,"column":59}}},"fnMap":{"0":{"name":"(anonymous_0)","decl":{"start":{"line":96,"column":23},"end":{"line":96,"column":24}},"loc":{"start":{"line":96,"column":78},"end":{"line":123,"column":1}},"line":96},"1":{"name":"(anonymous_1)","decl":{"start":{"line":97,"column":23},"end":{"line":97,"column":24}},"loc":{"start":{"line":97,"column":44},"end":{"line":122,"column":5}},"line":97},"2":{"name":"(anonymous_2)","decl":{"start":{"line":98,"column":19},"end":{"line":98,"column":20}},"loc":{"start":{"line":98,"column":25},"end":{"line":121,"column":9}},"line":98}},"branchMap":{"0":{"loc":{"start":{"line":100,"column":12},"end":{"line":103,"column":13}},"type":"if","locations":[{"start":{"line":100,"column":12},"end":{"line":103,"column":13}},{"start":{},"end":{}}],"line":100},"1":{"loc":{"start":{"line":106,"column":12},"end":{"line":120,"column":13}},"type":"if","locations":[{"start":{"line":106,"column":12},"end":{"line":120,"column":13}},{"start":{"line":109,"column":19},"end":{"line":120,"column":13}}],"line":106},"2":{"loc":{"start":{"line":109,"column":19},"end":{"line":120,"column":13}},"type":"if","locations":[{"start":{"line":109,"column":19},"end":{"line":120,"column":13}},{"start":{"line":116,"column":19},"end":{"line":120,"column":13}}],"line":109},"3":{"loc":{"start":{"line":111,"column":16},"end":{"line":115,"column":17}},"type":"if","locations":[{"start":{"line":111,"column":16},"end":{"line":115,"column":17}},{"start":{"line":113,"column":23},"end":{"line":115,"column":17}}],"line":111},"4":{"loc":{"start":{"line":116,"column":19},"end":{"line":120,"column":13}},"type":"if","locations":[{"start":{"line":116,"column":19},"end":{"line":120,"column":13}},{"start":{"line":118,"column":19},"end":{"line":120,"column":13}}],"line":116}},"s":{"0":0,"1":0,"2":0,"3":0,"4":0,"5":0,"6":0,"7":0,"8":0,"9":0,"10":0,"11":0,"12":0,"13":0,"14":0,"15":0,"16":0},"f":{"0":0,"1":0,"2":0},"b":{"0":[0,0],"1":[0,0],"2":[0,0],"3":[0,0],"4":[0,0]}}}}